1736845718736 GET /
1736845720086 GET /favicon.ico
1736845722091 GET /books/
1736845722206 GET /favicon.ico
1736845724646 GET /books/405d08e5-a9e9-4732-8610-afa67858fdff
1736845724768 GET /favicon.ico
1736845764102 GET /404
1736845764307 GET /favicon.ico
1736845884221 GET /books/
1736845884323 GET /favicon.ico
1736845885822 GET /books/a07817b0-b1cd-4c4d-8911-f33e38945d57
1736845885952 GET /favicon.ico
1736845969980 GET /404
1736845970114 GET /favicon.ico
1736845971327 GET /books/
1736845971444 GET /favicon.ico
1736845973129 GET /books/e0665703-11d8-45f7-9ed2-ae3404d64cbd
1736845973266 GET /favicon.ico
1736846028079 GET /books/e0665703-11d8-45f7-9ed2-ae3404d64cbddfghh
1736846028103 GET /404
1736846028232 GET /favicon.ico
1736846030419 GET /books/
1736846030542 GET /favicon.ico
1736846880667 GET /books/
1736846880807 GET /favicon.ico
1736846882785 GET /books/36f347d7-096e-4352-b8db-d1843b4d8e5a
1736846882939 GET /favicon.ico
1736846886611 GET /books/36f347d7-096e-4352-b8db-d1843b4d8e5a%D1%84%D1%8B%D0%B2
1736846886625 GET /404
1736846886737 GET /favicon.ico
1736846889569 GET /404
1736846889654 GET /favicon.ico
1736846921799 GET /books/
1736846921902 GET /favicon.ico
